<?xml version="1.0" encoding="UTF-8"?>
<testsuite xmlns:xsi="http://www.w3.org/2001/XMLSchema-instance" xsi:noNamespaceSchemaLocation="https://maven.apache.org/surefire/maven-surefire-plugin/xsd/surefire-test-report-3.0.xsd" version="3.0" name="TestSuite" time="32.109" tests="1" errors="0" skipped="0" failures="0">
  <properties>
[...]
</properties>
  <testcase name="verifyLoginTest" classname="logExampleTestNG.NOPCommApp" time="17.852">
    <system-out><![CDATA[ INFO [main] (BaseTest.java:30)- ---------------info-------------
 WARN [main] (BaseTest.java:31)- ---------------warn-------------
ERROR [main] (BaseTest.java:32)- ---------------error-------------
 INFO [main] (BaseTest.java:49)- launching chrome browser
 INFO [main] (BaseTest.java:57)- launching application: https://admin-demo.nopcommerce.com/login?ReturnUrl=%2Fadmin%2F
 INFO [main] (NOPCommApp.java:16)- login test case, enter user credenatils
 INFO [main] (NOPCommApp.java:23)- clear the email
 INFO [main] (NOPCommApp.java:25)- enter email: admin@yourstore.com
 INFO [main] (NOPCommApp.java:29)- clear the password
 INFO [main] (NOPCommApp.java:31)- enter passwordadmin
 INFO [main] (NOPCommApp.java:34)- click on remmember me checkbox
 INFO [main] (NOPCommApp.java:38)- click on login button
 INFO [main] (NOPCommApp.java:43)- application title after login: Dashboard / nopCommerce administration
 INFO [main] (NOPCommApp.java:47)- click on logout button
 INFO [main] (NOPCommApp.java:51)- application title after logout: Your store. Login
]]></system-out>
    <system-err><![CDATA[SLF4J: Failed to load class "org.slf4j.impl.StaticLoggerBinder".
SLF4J: Defaulting to no-operation (NOP) logger implementation
SLF4J: See http://www.slf4j.org/codes.html#StaticLoggerBinder for further details.
Starting ChromeDriver 114.0.5735.90 (386bc09e8f4f2e025eddae123f36f6263096ae49-refs/branch-heads/5735@{#1052}) on port 3868
Only local connections are allowed.
Please see https://chromedriver.chromium.org/security-considerations for suggestions on keeping ChromeDriver safe.
ChromeDriver was started successfully.
Aug 02, 2023 5:59:50 PM org.openqa.selenium.remote.ProtocolHandshake createSession
INFO: Detected dialect: W3C
]]></system-err>
  </testcase>
</testsuite>