<?xml version="1.0" encoding="UTF-8"?>
<testng-results skipped="0" failed="0" total="1" passed="1">
  <reporter-output>
  </reporter-output>
  <suite name="Suite" duration-ms="31055" started-at="2023-08-03T00:59:47Z" finished-at="2023-08-03T01:00:18Z">
    <groups>
    </groups>
    <test name="Test" duration-ms="31055" started-at="2023-08-03T00:59:47Z" finished-at="2023-08-03T01:00:18Z">
      <class name="logExampleTestNG.NOPCommApp">
        <test-method status="PASS" signature="launchApp()[pri:0, instance:logExampleTestNG.NOPCommApp@23986957]" name="launchApp" is-config="true" duration-ms="8467" started-at="2023-08-02T17:59:47Z" finished-at="2023-08-02T17:59:56Z">
          <reporter-output>
          </reporter-output>
        </test-method> <!-- launchApp -->
        <test-method status="PASS" signature="verifyLoginTest()[pri:0, instance:logExampleTestNG.NOPCommApp@23986957]" name="verifyLoginTest" duration-ms="17891" started-at="2023-08-02T17:59:56Z" finished-at="2023-08-02T18:00:13Z">
          <reporter-output>
          </reporter-output>
        </test-method> <!-- verifyLoginTest -->
        <test-method status="PASS" signature="closingApp()[pri:0, instance:logExampleTestNG.NOPCommApp@23986957]" name="closingApp" is-config="true" duration-ms="4696" started-at="2023-08-02T18:00:13Z" finished-at="2023-08-02T18:00:18Z">
          <reporter-output>
          </reporter-output>
        </test-method> <!-- closingApp -->
      </class> <!-- logExampleTestNG.NOPCommApp -->
    </test> <!-- Test -->
  </suite> <!-- Suite -->
</testng-results>
